Determining if the pthread_create exist failed with the following output:
Change Dir: /nfs/home/ryanfox/Documents/Projects/CS480/PA3/build/CMakeFiles/CMakeTmp

Run Build Command:"/usr/bin/make" "cmTC_b157e/fast"
/usr/bin/make -f CMakeFiles/cmTC_b157e.dir/build.make CMakeFiles/cmTC_b157e.dir/build
make[1]: Entering directory '/nfs/home/ryanfox/Documents/Projects/CS480/PA3/build/CMakeFiles/CMakeTmp'
Building C object CMakeFiles/cmTC_b157e.dir/CheckSymbolExists.c.o
/usr/bin/cc     -o CMakeFiles/cmTC_b157e.dir/CheckSymbolExists.c.o   -c /nfs/home/ryanfox/Documents/Projects/CS480/PA3/build/CMakeFiles/CMakeTmp/CheckSymbolExists.c
Linking C executable cmTC_b157e
/usr/bin/cmake -E cmake_link_script CMakeFiles/cmTC_b157e.dir/link.txt --verbose=1
/usr/bin/cc       CMakeFiles/cmTC_b157e.dir/CheckSymbolExists.c.o  -o cmTC_b157e -rdynamic 
CMakeFiles/cmTC_b157e.dir/CheckSymbolExists.c.o: In function `main':
CheckSymbolExists.c:(.text+0x16): undefined reference to `pthread_create'
collect2: error: ld returned 1 exit status
CMakeFiles/cmTC_b157e.dir/build.make:97: recipe for target 'cmTC_b157e' failed
make[1]: *** [cmTC_b157e] Error 1
make[1]: Leaving directory '/nfs/home/ryanfox/Documents/Projects/CS480/PA3/build/CMakeFiles/CMakeTmp'
Makefile:126: recipe for target 'cmTC_b157e/fast' failed
make: *** [cmTC_b157e/fast] Error 2

File /nfs/home/ryanfox/Documents/Projects/CS480/PA3/build/CMakeFiles/CMakeTmp/CheckSymbolExists.c:
/* */
#include <pthread.h>

int main(int argc, char** argv)
{
  (void)argv;
#ifndef pthread_create
  return ((int*)(&pthread_create))[argc];
#else
  (void)argc;
  return 0;
#endif
}

Determining if the function pthread_create exists in the pthreads failed with the following output:
Change Dir: /nfs/home/ryanfox/Documents/Projects/CS480/PA3/build/CMakeFiles/CMakeTmp

Run Build Command:"/usr/bin/make" "cmTC_edf78/fast"
/usr/bin/make -f CMakeFiles/cmTC_edf78.dir/build.make CMakeFiles/cmTC_edf78.dir/build
make[1]: Entering directory '/nfs/home/ryanfox/Documents/Projects/CS480/PA3/build/CMakeFiles/CMakeTmp'
Building C object CMakeFiles/cmTC_edf78.dir/CheckFunctionExists.c.o
/usr/bin/cc    -DCHECK_FUNCTION_EXISTS=pthread_create   -o CMakeFiles/cmTC_edf78.dir/CheckFunctionExists.c.o   -c /usr/share/cmake-3.5/Modules/CheckFunctionExists.c
Linking C executable cmTC_edf78
/usr/bin/cmake -E cmake_link_script CMakeFiles/cmTC_edf78.dir/link.txt --verbose=1
/usr/bin/cc   -DCHECK_FUNCTION_EXISTS=pthread_create    CMakeFiles/cmTC_edf78.dir/CheckFunctionExists.c.o  -o cmTC_edf78 -rdynamic -lpthreads 
/usr/bin/ld: cannot find -lpthreads
collect2: error: ld returned 1 exit status
CMakeFiles/cmTC_edf78.dir/build.make:97: recipe for target 'cmTC_edf78' failed
make[1]: *** [cmTC_edf78] Error 1
make[1]: Leaving directory '/nfs/home/ryanfox/Documents/Projects/CS480/PA3/build/CMakeFiles/CMakeTmp'
Makefile:126: recipe for target 'cmTC_edf78/fast' failed
make: *** [cmTC_edf78/fast] Error 2


