Determining if the pthread_create exist failed with the following output:
Change Dir: /nfs/home/ryanfox/Documents/Projects/CS480/zoom/build/CMakeFiles/CMakeTmp

Run Build Command:"/usr/bin/make" "cmTC_a44cc/fast"
/usr/bin/make -f CMakeFiles/cmTC_a44cc.dir/build.make CMakeFiles/cmTC_a44cc.dir/build
make[1]: Entering directory '/nfs/home/ryanfox/Documents/Projects/CS480/zoom/build/CMakeFiles/CMakeTmp'
Building C object CMakeFiles/cmTC_a44cc.dir/CheckSymbolExists.c.o
/usr/bin/cc     -o CMakeFiles/cmTC_a44cc.dir/CheckSymbolExists.c.o   -c /nfs/home/ryanfox/Documents/Projects/CS480/zoom/build/CMakeFiles/CMakeTmp/CheckSymbolExists.c
Linking C executable cmTC_a44cc
/usr/bin/cmake -E cmake_link_script CMakeFiles/cmTC_a44cc.dir/link.txt --verbose=1
/usr/bin/cc       CMakeFiles/cmTC_a44cc.dir/CheckSymbolExists.c.o  -o cmTC_a44cc -rdynamic 
CMakeFiles/cmTC_a44cc.dir/CheckSymbolExists.c.o: In function `main':
CheckSymbolExists.c:(.text+0x16): undefined reference to `pthread_create'
collect2: error: ld returned 1 exit status
CMakeFiles/cmTC_a44cc.dir/build.make:97: recipe for target 'cmTC_a44cc' failed
make[1]: *** [cmTC_a44cc] Error 1
make[1]: Leaving directory '/nfs/home/ryanfox/Documents/Projects/CS480/zoom/build/CMakeFiles/CMakeTmp'
Makefile:126: recipe for target 'cmTC_a44cc/fast' failed
make: *** [cmTC_a44cc/fast] Error 2

File /nfs/home/ryanfox/Documents/Projects/CS480/zoom/build/CMakeFiles/CMakeTmp/CheckSymbolExists.c:
/* */
#include <pthread.h>

int main(int argc, char** argv)
{
  (void)argv;
#ifndef pthread_create
  return ((int*)(&pthread_create))[argc];
#else
  (void)argc;
  return 0;
#endif
}

Determining if the function pthread_create exists in the pthreads failed with the following output:
Change Dir: /nfs/home/ryanfox/Documents/Projects/CS480/zoom/build/CMakeFiles/CMakeTmp

Run Build Command:"/usr/bin/make" "cmTC_0dccb/fast"
/usr/bin/make -f CMakeFiles/cmTC_0dccb.dir/build.make CMakeFiles/cmTC_0dccb.dir/build
make[1]: Entering directory '/nfs/home/ryanfox/Documents/Projects/CS480/zoom/build/CMakeFiles/CMakeTmp'
Building C object CMakeFiles/cmTC_0dccb.dir/CheckFunctionExists.c.o
/usr/bin/cc    -DCHECK_FUNCTION_EXISTS=pthread_create   -o CMakeFiles/cmTC_0dccb.dir/CheckFunctionExists.c.o   -c /usr/share/cmake-3.5/Modules/CheckFunctionExists.c
Linking C executable cmTC_0dccb
/usr/bin/cmake -E cmake_link_script CMakeFiles/cmTC_0dccb.dir/link.txt --verbose=1
/usr/bin/cc   -DCHECK_FUNCTION_EXISTS=pthread_create    CMakeFiles/cmTC_0dccb.dir/CheckFunctionExists.c.o  -o cmTC_0dccb -rdynamic -lpthreads 
/usr/bin/ld: cannot find -lpthreads
collect2: error: ld returned 1 exit status
CMakeFiles/cmTC_0dccb.dir/build.make:97: recipe for target 'cmTC_0dccb' failed
make[1]: *** [cmTC_0dccb] Error 1
make[1]: Leaving directory '/nfs/home/ryanfox/Documents/Projects/CS480/zoom/build/CMakeFiles/CMakeTmp'
Makefile:126: recipe for target 'cmTC_0dccb/fast' failed
make: *** [cmTC_0dccb/fast] Error 2


