Determining if the pthread_create exist failed with the following output:
Change Dir: /nfs/home/ryanfox/workspace/cs480Fox/PA9/build/CMakeFiles/CMakeTmp

Run Build Command:"/usr/bin/make" "cmTC_33f9c/fast"
/usr/bin/make -f CMakeFiles/cmTC_33f9c.dir/build.make CMakeFiles/cmTC_33f9c.dir/build
make[1]: Entering directory '/nfs/home/ryanfox/workspace/cs480Fox/PA9/build/CMakeFiles/CMakeTmp'
Building C object CMakeFiles/cmTC_33f9c.dir/CheckSymbolExists.c.o
/usr/bin/cc     -o CMakeFiles/cmTC_33f9c.dir/CheckSymbolExists.c.o   -c /nfs/home/ryanfox/workspace/cs480Fox/PA9/build/CMakeFiles/CMakeTmp/CheckSymbolExists.c
Linking C executable cmTC_33f9c
/usr/bin/cmake -E cmake_link_script CMakeFiles/cmTC_33f9c.dir/link.txt --verbose=1
/usr/bin/cc       CMakeFiles/cmTC_33f9c.dir/CheckSymbolExists.c.o  -o cmTC_33f9c -rdynamic 
CMakeFiles/cmTC_33f9c.dir/CheckSymbolExists.c.o: In function `main':
CheckSymbolExists.c:(.text+0x16): undefined reference to `pthread_create'
collect2: error: ld returned 1 exit status
CMakeFiles/cmTC_33f9c.dir/build.make:97: recipe for target 'cmTC_33f9c' failed
make[1]: *** [cmTC_33f9c] Error 1
make[1]: Leaving directory '/nfs/home/ryanfox/workspace/cs480Fox/PA9/build/CMakeFiles/CMakeTmp'
Makefile:126: recipe for target 'cmTC_33f9c/fast' failed
make: *** [cmTC_33f9c/fast] Error 2

File /nfs/home/ryanfox/workspace/cs480Fox/PA9/build/CMakeFiles/CMakeTmp/CheckSymbolExists.c:
/* */
#include <pthread.h>

int main(int argc, char** argv)
{
  (void)argv;
#ifndef pthread_create
  return ((int*)(&pthread_create))[argc];
#else
  (void)argc;
  return 0;
#endif
}

Determining if the function pthread_create exists in the pthreads failed with the following output:
Change Dir: /nfs/home/ryanfox/workspace/cs480Fox/PA9/build/CMakeFiles/CMakeTmp

Run Build Command:"/usr/bin/make" "cmTC_38e4c/fast"
/usr/bin/make -f CMakeFiles/cmTC_38e4c.dir/build.make CMakeFiles/cmTC_38e4c.dir/build
make[1]: Entering directory '/nfs/home/ryanfox/workspace/cs480Fox/PA9/build/CMakeFiles/CMakeTmp'
Building C object CMakeFiles/cmTC_38e4c.dir/CheckFunctionExists.c.o
/usr/bin/cc    -DCHECK_FUNCTION_EXISTS=pthread_create   -o CMakeFiles/cmTC_38e4c.dir/CheckFunctionExists.c.o   -c /usr/share/cmake-3.5/Modules/CheckFunctionExists.c
Linking C executable cmTC_38e4c
/usr/bin/cmake -E cmake_link_script CMakeFiles/cmTC_38e4c.dir/link.txt --verbose=1
/usr/bin/cc   -DCHECK_FUNCTION_EXISTS=pthread_create    CMakeFiles/cmTC_38e4c.dir/CheckFunctionExists.c.o  -o cmTC_38e4c -rdynamic -lpthreads 
/usr/bin/ld: cannot find -lpthreads
collect2: error: ld returned 1 exit status
CMakeFiles/cmTC_38e4c.dir/build.make:97: recipe for target 'cmTC_38e4c' failed
make[1]: *** [cmTC_38e4c] Error 1
make[1]: Leaving directory '/nfs/home/ryanfox/workspace/cs480Fox/PA9/build/CMakeFiles/CMakeTmp'
Makefile:126: recipe for target 'cmTC_38e4c/fast' failed
make: *** [cmTC_38e4c/fast] Error 2


